08:49:11.847 logback INFO  c.v.Vanguard8FrameworkApplication - Starting Vanguard8FrameworkApplication on WIN-20170817QZC with PID 52428 (E:\vanguard8\framework\target\classes started by Administrator in E:\vanguard8)
08:49:11.861 logback DEBUG c.v.Vanguard8FrameworkApplication - Running with Spring Boot v2.0.6.RELEASE, Spring v5.0.10.RELEASE
08:49:11.885 logback INFO  c.v.Vanguard8FrameworkApplication - No active profile set, falling back to default profiles: default
08:49:20.728 logback INFO  c.v.interceptor.InterceptorConfig - 开始注册权限拦截器……
08:49:20.729 logback INFO  c.v.interceptor.InterceptorConfig - 权限拦截器注册完成！
08:49:20.877 logback INFO  c.v.interceptor.InterceptorConfig - 开放静态资源访问……
08:49:23.929 logback INFO  c.v.Vanguard8FrameworkApplication - Started Vanguard8FrameworkApplication in 14.025 seconds (JVM running for 21.013)
08:49:54.024 logback DEBUG c.v.interceptor.AuthInterceptor - 执行preHandle方法-->01
08:49:54.026 logback DEBUG c.v.interceptor.AuthInterceptor - /error
08:49:54.033 logback DEBUG c.v.interceptor.AuthInterceptor - 未找到对应的session值
08:49:54.033 logback DEBUG c.v.interceptor.AuthInterceptor - 普通登录页面跳转……
08:49:54.118 logback DEBUG c.v.f.controller.LoginController - login/index
08:49:55.326 logback DEBUG c.v.f.controller.LoginController - /login/code
08:50:02.052 logback DEBUG c.v.f.controller.LoginController - admin----111
08:50:02.125 logback DEBUG c.v.f.dao.UserDao.selectByLoginname - ==>  Preparing: select a.*,b.flag_name,c.ds_code,c.ds_name,c.ds_total_name,c.ds_flag,c.lock_flag from sys_user a inner join sys_user_flag b on a.flag_id=b.flag_id inner join sys_deptsta c on a.ds_id=c.ds_id where a.flag_id=1 and a.login_name = ? 
08:50:02.327 logback DEBUG c.v.f.dao.UserDao.selectByLoginname - ==> Parameters: admin(String)
08:50:02.489 logback DEBUG c.v.f.dao.UserDao.selectByLoginname - <==      Total: 1
08:50:02.664 logback DEBUG c.v.interceptor.AuthInterceptor - 执行preHandle方法-->01
08:50:02.664 logback DEBUG c.v.interceptor.AuthInterceptor - /main/main
08:50:03.137 logback DEBUG c.v.interceptor.AuthInterceptor - 执行preHandle方法-->01
08:50:03.137 logback DEBUG c.v.interceptor.AuthInterceptor - /function/getMenu
08:50:03.143 logback DEBUG c.v.f.d.FunctionDao.selectFunctions - ==>  Preparing: select a.func_id, a.func_code, a.func_name, a.func_path, a.is_last from sys_function a inner join sys_sta_function b on a.func_id=b.func_id where b.ds_id=? order by (case a.is_last when 0 then a.order_value else (select order_value from sys_function where substring(a.func_code,1,3)=func_code) end),a.func_code 
08:50:03.219 logback DEBUG c.v.f.d.FunctionDao.selectFunctions - ==> Parameters: 1(Integer)
08:50:03.340 logback DEBUG c.v.f.d.FunctionDao.selectFunctions - <==      Total: 10
08:50:03.341 logback DEBUG c.v.f.controller.FunctionController - 000---系统管理
08:50:03.341 logback DEBUG c.v.f.controller.FunctionController - 000001---个人密码修改
08:50:03.341 logback DEBUG c.v.f.controller.FunctionController - 000002---组织架构管理
08:50:03.341 logback DEBUG c.v.f.controller.FunctionController - 000003---登录账号管理
08:50:03.341 logback DEBUG c.v.f.controller.FunctionController - 000004---系统模块管理
08:50:03.341 logback DEBUG c.v.f.controller.FunctionController - 000005---运行信息监控
08:50:03.342 logback DEBUG c.v.f.controller.FunctionController - 000006---基础模板设定
08:50:03.342 logback DEBUG c.v.f.controller.FunctionController - 000007---查询模板设定
08:50:03.342 logback DEBUG c.v.f.controller.FunctionController - 000008---基础模板测试
08:50:03.342 logback DEBUG c.v.f.controller.FunctionController - 000009---查询模板测试
08:50:06.779 logback DEBUG c.v.interceptor.AuthInterceptor - 执行preHandle方法-->01
08:50:06.779 logback DEBUG c.v.interceptor.AuthInterceptor - /user/changePwd
08:50:07.887 logback DEBUG c.v.interceptor.AuthInterceptor - 执行preHandle方法-->01
08:50:07.888 logback DEBUG c.v.interceptor.AuthInterceptor - /deptsta/deptsta
08:50:08.060 logback DEBUG c.v.interceptor.AuthInterceptor - 执行preHandle方法-->01
08:50:08.060 logback DEBUG c.v.interceptor.AuthInterceptor - /deptsta/getDeptsta
08:50:08.066 logback DEBUG c.v.f.dao.DeptstaDao.selectNextLevel - ==>  Preparing: select ds_id, ds_code, ds_name, ds_total_name, ds_flag, lock_flag, (select count(*) from sys_deptsta a where ds_code like concat(sys_deptsta.ds_code,'___')) as childCount from sys_deptsta where ds_code like concat(ifnull((select ds_code from sys_deptsta where ds_id=?),''),'___') order by ds_flag desc,ds_code 
08:50:08.100 logback DEBUG c.v.f.dao.DeptstaDao.selectNextLevel - ==> Parameters: 0(Integer)
08:50:08.161 logback DEBUG c.v.f.dao.DeptstaDao.selectNextLevel - <==      Total: 12
08:50:09.411 logback DEBUG c.v.interceptor.AuthInterceptor - 执行preHandle方法-->01
08:50:09.412 logback DEBUG c.v.interceptor.AuthInterceptor - /user/user
08:50:09.661 logback DEBUG c.v.interceptor.AuthInterceptor - 执行preHandle方法-->01
08:50:09.661 logback DEBUG c.v.interceptor.AuthInterceptor - /user/getUsers
08:50:09.705 logback DEBUG c.v.interceptor.AuthInterceptor - 执行preHandle方法-->01
08:50:09.705 logback DEBUG c.v.interceptor.AuthInterceptor - /dict/getDict
08:50:09.771 logback DEBUG c.v.framework.dao.DictDao.getDict - ==>  Preparing: select flag_id as id,flag_name as text from sys_user_flag 
08:50:09.772 logback DEBUG c.v.framework.dao.DictDao.getDict - ==> Parameters: 
08:50:09.775 logback DEBUG c.v.framework.dao.DictDao.getDict - <==      Total: 3
08:50:09.827 logback DEBUG c.v.f.dao.UserDao.selectUsers_COUNT - ==>  Preparing: SELECT count(0) FROM sys_user a INNER JOIN sys_user_flag b ON a.flag_id = b.flag_id INNER JOIN sys_deptsta c ON a.ds_id = c.ds_id LEFT JOIN sys_user_dept d ON a.user_id = d.user_id LEFT JOIN sys_dept e ON d.dept_id = e.dept_id WHERE a.user_name LIKE concat('%', ?, '%') AND a.login_name LIKE concat('%', ?, '%') 
08:50:09.829 logback DEBUG c.v.f.dao.UserDao.selectUsers_COUNT - ==> Parameters: (String), (String)
08:50:09.899 logback DEBUG c.v.f.dao.UserDao.selectUsers_COUNT - <==      Total: 1
08:50:09.902 logback DEBUG c.v.f.dao.UserDao.selectUsers - ==>  Preparing: select a.user_id,a.user_name,a.login_name,a.ds_id,a.flag_id,a.work_no,a.create_time,b.flag_name,c.ds_code,c.ds_name,concat(c.lock_flag,c.ds_total_name) as ds_total_name,c.ds_flag,c.lock_flag, ifnull(d.dept_id,'') dept_id,ifnull(e.dept_name,'') dept_name from sys_user a inner join sys_user_flag b on a.flag_id=b.flag_id inner join sys_deptsta c on a.ds_id=c.ds_id left join sys_user_dept d on a.user_id=d.user_id left join sys_dept e on d.dept_id=e.dept_id where a.user_name like concat('%',?,'%') and a.login_name like concat('%',?,'%') LIMIT ? 
08:50:09.906 logback DEBUG c.v.f.dao.UserDao.selectUsers - ==> Parameters: (String), (String), 20(Integer)
08:50:09.949 logback DEBUG c.v.f.dao.UserDao.selectUsers - <==      Total: 20
08:50:10.903 logback DEBUG c.v.interceptor.AuthInterceptor - 执行preHandle方法-->01
08:50:10.905 logback DEBUG c.v.interceptor.AuthInterceptor - /function/mana
08:50:11.111 logback DEBUG c.v.interceptor.AuthInterceptor - 执行preHandle方法-->01
08:50:11.111 logback DEBUG c.v.interceptor.AuthInterceptor - /function/getLevelFunctions
08:50:11.117 logback DEBUG c.v.f.d.F.selectLevelFunctions - ==>  Preparing: select a.func_id, a.func_code, a.func_name, a.func_path, a.is_last, (case a.is_last when 0 then a.order_value else (select order_value from sys_function where substring(a.func_code,1,3)=func_code) end) as order_value from sys_function a where a.func_code like concat(ifnull((select func_code from sys_function where func_id=?),''),'___') order by (case a.is_last when 0 then a.order_value else (select order_value from sys_function where substring(a.func_code,1,3)=func_code) end),a.func_code 
08:50:11.119 logback DEBUG c.v.f.d.F.selectLevelFunctions - ==> Parameters: 0(Integer)
08:50:11.127 logback DEBUG c.v.f.d.F.selectLevelFunctions - <==      Total: 1
08:50:12.721 logback DEBUG c.v.interceptor.AuthInterceptor - 执行preHandle方法-->01
08:50:12.722 logback DEBUG c.v.interceptor.AuthInterceptor - /function/getLevelFunctions
08:50:12.722 logback DEBUG c.v.f.d.F.selectLevelFunctions - ==>  Preparing: select a.func_id, a.func_code, a.func_name, a.func_path, a.is_last, (case a.is_last when 0 then a.order_value else (select order_value from sys_function where substring(a.func_code,1,3)=func_code) end) as order_value from sys_function a where a.func_code like concat(ifnull((select func_code from sys_function where func_id=?),''),'___') order by (case a.is_last when 0 then a.order_value else (select order_value from sys_function where substring(a.func_code,1,3)=func_code) end),a.func_code 
08:50:12.723 logback DEBUG c.v.f.d.F.selectLevelFunctions - ==> Parameters: 1(Integer)
08:50:12.727 logback DEBUG c.v.f.d.F.selectLevelFunctions - <==      Total: 9
08:50:43.258 logback DEBUG c.v.interceptor.AuthInterceptor - 执行preHandle方法-->01
08:50:43.258 logback DEBUG c.v.interceptor.AuthInterceptor - /base/mana
08:50:43.519 logback DEBUG c.v.interceptor.AuthInterceptor - 执行preHandle方法-->01
08:50:43.519 logback DEBUG c.v.interceptor.AuthInterceptor - /dict/getDict
08:50:43.521 logback DEBUG c.v.framework.dao.DictDao.getDict - ==>  Preparing: select field_type as id,field_type_name as text from bas_field_type 
08:50:43.522 logback DEBUG c.v.framework.dao.DictDao.getDict - ==> Parameters: 
08:50:43.557 logback DEBUG c.v.framework.dao.DictDao.getDict - <==      Total: 5
08:50:43.667 logback DEBUG c.v.interceptor.AuthInterceptor - 执行preHandle方法-->01
08:50:43.668 logback DEBUG c.v.interceptor.AuthInterceptor - /base/getBaseMain
08:50:43.683 logback DEBUG c.v.b.d.BaseDao.getAllBaseMain_COUNT - ==>  Preparing: SELECT count(0) FROM bas_main WHERE bs_name LIKE concat('%', ?, '%') AND table_name LIKE concat('%', ?, '%') 
08:50:43.684 logback DEBUG c.v.b.d.BaseDao.getAllBaseMain_COUNT - ==> Parameters: (String), (String)
08:50:43.714 logback DEBUG c.v.b.d.BaseDao.getAllBaseMain_COUNT - <==      Total: 1
08:50:43.715 logback DEBUG c.v.base.dao.BaseDao.getAllBaseMain - ==>  Preparing: select * from bas_main where bs_name like concat('%',?,'%') and table_name like concat('%',?,'%') LIMIT ? 
08:50:43.716 logback DEBUG c.v.base.dao.BaseDao.getAllBaseMain - ==> Parameters: (String), (String), 20(Integer)
08:50:43.718 logback DEBUG c.v.base.dao.BaseDao.getAllBaseMain - <==      Total: 1
08:50:51.855 logback DEBUG c.v.interceptor.AuthInterceptor - 执行preHandle方法-->01
08:50:51.856 logback DEBUG c.v.interceptor.AuthInterceptor - /search/mana
08:50:52.831 logback DEBUG c.v.interceptor.AuthInterceptor - 执行preHandle方法-->01
08:50:52.831 logback DEBUG c.v.interceptor.AuthInterceptor - /base/base
08:50:52.832 logback DEBUG c.v.base.controller.BaseController - 1
08:50:52.833 logback DEBUG c.v.base.dao.BaseDao.getBaseDetail - ==>  Preparing: select bas_detail.*,bas_field_type.field_type_name from bas_detail inner join bas_field_type on bas_detail.field_type=bas_field_type.field_type where bas_detail.bs_id=? order by bas_detail.detail_id 
08:50:52.834 logback DEBUG c.v.base.dao.BaseDao.getBaseDetail - ==> Parameters: 1(Integer)
08:50:52.885 logback DEBUG c.v.base.dao.BaseDao.getBaseDetail - <==      Total: 8
08:50:53.141 logback DEBUG c.v.interceptor.AuthInterceptor - 执行preHandle方法-->01
08:50:53.141 logback DEBUG c.v.interceptor.AuthInterceptor - /dict/getDict
08:50:53.143 logback DEBUG c.v.framework.dao.DictDao.getDict - ==>  Preparing: select dept_id as id,dept_name as text from sys_dept where dept_name like concat('%',?,'%') 
08:50:53.144 logback DEBUG c.v.framework.dao.DictDao.getDict - ==> Parameters: (String)
08:50:53.146 logback DEBUG c.v.framework.dao.DictDao.getDict - <==      Total: 1
08:50:53.283 logback DEBUG c.v.interceptor.AuthInterceptor - 执行preHandle方法-->01
08:50:53.283 logback DEBUG c.v.interceptor.AuthInterceptor - /base/getList
08:50:53.285 logback DEBUG c.v.base.dao.BaseDao.getBaseMain - ==>  Preparing: select a.* from bas_main a where a.bs_id=? limit 1 
08:50:53.286 logback DEBUG c.v.base.dao.BaseDao.getBaseMain - ==> Parameters: 1(Integer)
08:50:53.288 logback DEBUG c.v.base.dao.BaseDao.getBaseMain - <==      Total: 1
08:50:53.289 logback DEBUG c.v.b.service.impl.BaseServiceImpl - select setup_id,setup_intr,setup_value,date_format(setup_time,'%Y-%m-%d') as setup_time,setup_rich,date_format(setup_datetime,'%Y-%m-%d %H:%i:%s') as setup_datetime,sys_dept.dept_id,sys_dept.dept_name from sys_setup left join sys_dept on sys_setup.dept_id=sys_dept.dept_id where 1=1  limit 0,20
08:50:53.292 logback DEBUG c.v.base.dao.BaseDao.executeSelect - ==>  Preparing: select setup_id,setup_intr,setup_value,date_format(setup_time,'%Y-%m-%d') as setup_time,setup_rich,date_format(setup_datetime,'%Y-%m-%d %H:%i:%s') as setup_datetime,sys_dept.dept_id,sys_dept.dept_name from sys_setup left join sys_dept on sys_setup.dept_id=sys_dept.dept_id where 1=1 limit 0,20 
08:50:53.293 logback DEBUG c.v.base.dao.BaseDao.executeSelect - ==> Parameters: 
08:50:53.370 logback DEBUG c.v.base.dao.BaseDao.executeSelect - <==      Total: 20
08:50:53.371 logback DEBUG c.v.base.dao.BaseDao.getBaseMain - ==>  Preparing: select a.* from bas_main a where a.bs_id=? limit 1 
08:50:53.372 logback DEBUG c.v.base.dao.BaseDao.getBaseMain - ==> Parameters: 1(Integer)
08:50:53.374 logback DEBUG c.v.base.dao.BaseDao.getBaseMain - <==      Total: 1
08:50:53.376 logback DEBUG c.v.b.service.impl.BaseServiceImpl - select count(*) from sys_setup left join sys_dept on sys_setup.dept_id=sys_dept.dept_id where 1=1 
08:50:53.377 logback DEBUG c.v.base.dao.BaseDao.executeCount - ==>  Preparing: select count(*) from sys_setup left join sys_dept on sys_setup.dept_id=sys_dept.dept_id where 1=1 
08:50:53.420 logback DEBUG c.v.base.dao.BaseDao.executeCount - ==> Parameters: 
08:50:53.421 logback DEBUG c.v.base.dao.BaseDao.executeCount - <==      Total: 1
08:51:43.787 logback DEBUG c.v.interceptor.AuthInterceptor - 执行preHandle方法-->01
08:51:43.787 logback DEBUG c.v.interceptor.AuthInterceptor - /search/search
08:51:43.789 logback DEBUG c.v.s.d.ConditionDao.selectByModelId - ==>  Preparing: select condition_id, model_id, order_value, conditionCode, conditionName, show_width, field_type_id, init_value, must_flag, ref_flag, ref_string, ref_id_str, ref_text_str, blank_flag from srh_condition where model_id = ? 
08:51:43.790 logback DEBUG c.v.s.d.ConditionDao.selectByModelId - ==> Parameters: 1(Integer)
08:51:43.823 logback DEBUG c.v.s.d.ConditionDao.selectByModelId - <==      Total: 0
08:51:43.825 logback DEBUG c.v.s.dao.FieldDao.selectByModelId - ==>  Preparing: select field_id, model_id, field_name, field_code, field_type_id, order_value, show_width, show_footer, footer_type_id, footer_str, align from srh_field where model_id = ? 
08:51:43.825 logback DEBUG c.v.s.dao.FieldDao.selectByModelId - ==> Parameters: 1(Integer)
08:51:43.868 logback DEBUG c.v.s.dao.FieldDao.selectByModelId - <==      Total: 3
09:17:47.874 logback DEBUG c.v.interceptor.AuthInterceptor - 执行preHandle方法-->01
09:17:47.874 logback DEBUG c.v.interceptor.AuthInterceptor - /base/base
09:17:47.875 logback DEBUG c.v.base.controller.BaseController - 1
09:17:47.878 logback DEBUG c.v.base.dao.BaseDao.getBaseDetail - ==>  Preparing: select bas_detail.*,bas_field_type.field_type_name from bas_detail inner join bas_field_type on bas_detail.field_type=bas_field_type.field_type where bas_detail.bs_id=? order by bas_detail.detail_id 
09:17:47.879 logback DEBUG c.v.base.dao.BaseDao.getBaseDetail - ==> Parameters: 1(Integer)
09:17:47.885 logback DEBUG c.v.base.dao.BaseDao.getBaseDetail - <==      Total: 8
09:17:48.006 logback DEBUG c.v.interceptor.AuthInterceptor - 执行preHandle方法-->01
09:17:48.007 logback DEBUG c.v.interceptor.AuthInterceptor - /dict/getDict
09:17:48.008 logback DEBUG c.v.framework.dao.DictDao.getDict - ==>  Preparing: select dept_id as id,dept_name as text from sys_dept where dept_name like concat('%',?,'%') 
09:17:48.008 logback DEBUG c.v.framework.dao.DictDao.getDict - ==> Parameters: (String)
09:17:48.009 logback DEBUG c.v.framework.dao.DictDao.getDict - <==      Total: 1
09:17:48.195 logback DEBUG c.v.interceptor.AuthInterceptor - 执行preHandle方法-->01
09:17:48.200 logback DEBUG c.v.interceptor.AuthInterceptor - /base/getList
09:17:48.202 logback DEBUG c.v.base.dao.BaseDao.getBaseMain - ==>  Preparing: select a.* from bas_main a where a.bs_id=? limit 1 
09:17:48.202 logback DEBUG c.v.base.dao.BaseDao.getBaseMain - ==> Parameters: 1(Integer)
09:17:48.204 logback DEBUG c.v.base.dao.BaseDao.getBaseMain - <==      Total: 1
09:17:48.204 logback DEBUG c.v.b.service.impl.BaseServiceImpl - select setup_id,setup_intr,setup_value,date_format(setup_time,'%Y-%m-%d') as setup_time,setup_rich,date_format(setup_datetime,'%Y-%m-%d %H:%i:%s') as setup_datetime,sys_dept.dept_id,sys_dept.dept_name from sys_setup left join sys_dept on sys_setup.dept_id=sys_dept.dept_id where 1=1  limit 0,20
09:17:48.205 logback DEBUG c.v.base.dao.BaseDao.executeSelect - ==>  Preparing: select setup_id,setup_intr,setup_value,date_format(setup_time,'%Y-%m-%d') as setup_time,setup_rich,date_format(setup_datetime,'%Y-%m-%d %H:%i:%s') as setup_datetime,sys_dept.dept_id,sys_dept.dept_name from sys_setup left join sys_dept on sys_setup.dept_id=sys_dept.dept_id where 1=1 limit 0,20 
09:17:48.205 logback DEBUG c.v.base.dao.BaseDao.executeSelect - ==> Parameters: 
09:17:48.209 logback DEBUG c.v.base.dao.BaseDao.executeSelect - <==      Total: 20
09:17:48.210 logback DEBUG c.v.base.dao.BaseDao.getBaseMain - ==>  Preparing: select a.* from bas_main a where a.bs_id=? limit 1 
09:17:48.210 logback DEBUG c.v.base.dao.BaseDao.getBaseMain - ==> Parameters: 1(Integer)
09:17:48.213 logback DEBUG c.v.base.dao.BaseDao.getBaseMain - <==      Total: 1
09:17:48.213 logback DEBUG c.v.b.service.impl.BaseServiceImpl - select count(*) from sys_setup left join sys_dept on sys_setup.dept_id=sys_dept.dept_id where 1=1 
09:17:48.214 logback DEBUG c.v.base.dao.BaseDao.executeCount - ==>  Preparing: select count(*) from sys_setup left join sys_dept on sys_setup.dept_id=sys_dept.dept_id where 1=1 
09:17:48.214 logback DEBUG c.v.base.dao.BaseDao.executeCount - ==> Parameters: 
09:17:48.216 logback DEBUG c.v.base.dao.BaseDao.executeCount - <==      Total: 1
09:17:48.509 logback DEBUG c.v.interceptor.AuthInterceptor - 执行preHandle方法-->01
09:17:48.509 logback DEBUG c.v.interceptor.AuthInterceptor - /search/mana
09:17:51.067 logback DEBUG c.v.interceptor.AuthInterceptor - 执行preHandle方法-->01
09:17:51.067 logback DEBUG c.v.interceptor.AuthInterceptor - /search/search
09:17:51.068 logback DEBUG c.v.s.d.ConditionDao.selectByModelId - ==>  Preparing: select condition_id, model_id, order_value, conditionCode, conditionName, show_width, field_type_id, init_value, must_flag, ref_flag, ref_string, ref_id_str, ref_text_str, blank_flag from srh_condition where model_id = ? 
09:17:51.068 logback DEBUG c.v.s.d.ConditionDao.selectByModelId - ==> Parameters: 1(Integer)
09:17:51.069 logback DEBUG c.v.s.d.ConditionDao.selectByModelId - <==      Total: 0
09:17:51.070 logback DEBUG c.v.s.dao.FieldDao.selectByModelId - ==>  Preparing: select field_id, model_id, field_name, field_code, field_type_id, order_value, show_width, show_footer, footer_type_id, footer_str, align from srh_field where model_id = ? 
09:17:51.071 logback DEBUG c.v.s.dao.FieldDao.selectByModelId - ==> Parameters: 1(Integer)
09:17:51.072 logback DEBUG c.v.s.dao.FieldDao.selectByModelId - <==      Total: 3
10:07:52.656 logback DEBUG c.v.interceptor.AuthInterceptor - 执行preHandle方法-->01
10:07:52.656 logback DEBUG c.v.interceptor.AuthInterceptor - /function/mana
10:07:52.657 logback DEBUG c.v.interceptor.AuthInterceptor - 未找到对应的session值
10:07:52.658 logback DEBUG c.v.interceptor.AuthInterceptor - 普通登录页面跳转……
10:07:52.665 logback DEBUG c.v.f.controller.LoginController - login/index
10:07:52.763 logback DEBUG c.v.f.controller.LoginController - /login/code
10:07:52.777 logback DEBUG c.v.f.controller.LoginController - login/index
10:07:52.859 logback DEBUG c.v.f.controller.LoginController - /login/code
14:08:40.503 logback DEBUG c.v.interceptor.AuthInterceptor - 执行preHandle方法-->01
14:08:40.504 logback DEBUG c.v.interceptor.AuthInterceptor - /error
14:08:40.504 logback DEBUG c.v.interceptor.AuthInterceptor - 未找到对应的session值
14:08:40.504 logback DEBUG c.v.interceptor.AuthInterceptor - 普通登录页面跳转……
14:08:40.516 logback DEBUG c.v.f.controller.LoginController - login/index
14:26:33.384 logback DEBUG c.v.f.controller.LoginController - admin----111
14:26:33.525 logback DEBUG c.v.interceptor.AuthInterceptor - 执行preHandle方法-->01
14:26:33.526 logback DEBUG c.v.interceptor.AuthInterceptor - /error
14:26:33.526 logback DEBUG c.v.interceptor.AuthInterceptor - 未找到对应的session值
14:26:33.526 logback DEBUG c.v.interceptor.AuthInterceptor - 普通登录页面跳转……
14:26:33.530 logback DEBUG c.v.f.controller.LoginController - login/index
14:26:33.620 logback DEBUG c.v.f.controller.LoginController - /login/code
14:26:33.632 logback DEBUG c.v.f.controller.LoginController - login/index
14:26:33.699 logback DEBUG c.v.f.controller.LoginController - /login/code
14:26:40.071 logback DEBUG c.v.f.controller.LoginController - admin----111
14:26:40.072 logback DEBUG c.v.f.dao.UserDao.selectByLoginname - ==>  Preparing: select a.*,b.flag_name,c.ds_code,c.ds_name,c.ds_total_name,c.ds_flag,c.lock_flag from sys_user a inner join sys_user_flag b on a.flag_id=b.flag_id inner join sys_deptsta c on a.ds_id=c.ds_id where a.flag_id=1 and a.login_name = ? 
14:26:40.072 logback DEBUG c.v.f.dao.UserDao.selectByLoginname - ==> Parameters: admin(String)
14:26:40.074 logback DEBUG c.v.f.dao.UserDao.selectByLoginname - <==      Total: 1
14:26:40.106 logback DEBUG c.v.interceptor.AuthInterceptor - 执行preHandle方法-->01
14:26:40.106 logback DEBUG c.v.interceptor.AuthInterceptor - /main/main
14:26:40.347 logback DEBUG c.v.interceptor.AuthInterceptor - 执行preHandle方法-->01
14:26:40.347 logback DEBUG c.v.interceptor.AuthInterceptor - /function/getMenu
14:26:40.349 logback DEBUG c.v.f.d.FunctionDao.selectFunctions - ==>  Preparing: select a.func_id, a.func_code, a.func_name, a.func_path, a.is_last from sys_function a inner join sys_sta_function b on a.func_id=b.func_id where b.ds_id=? order by (case a.is_last when 0 then a.order_value else (select order_value from sys_function where substring(a.func_code,1,3)=func_code) end),a.func_code 
14:26:40.349 logback DEBUG c.v.f.d.FunctionDao.selectFunctions - ==> Parameters: 1(Integer)
14:26:40.353 logback DEBUG c.v.f.d.FunctionDao.selectFunctions - <==      Total: 10
14:26:40.354 logback DEBUG c.v.f.controller.FunctionController - 000---系统管理
14:26:40.354 logback DEBUG c.v.f.controller.FunctionController - 000001---个人密码修改
14:26:40.354 logback DEBUG c.v.f.controller.FunctionController - 000002---组织架构管理
14:26:40.354 logback DEBUG c.v.f.controller.FunctionController - 000003---登录账号管理
14:26:40.354 logback DEBUG c.v.f.controller.FunctionController - 000004---系统模块管理
14:26:40.354 logback DEBUG c.v.f.controller.FunctionController - 000005---运行信息监控
14:26:40.354 logback DEBUG c.v.f.controller.FunctionController - 000006---基础模板设定
14:26:40.355 logback DEBUG c.v.f.controller.FunctionController - 000007---查询模板设定
14:26:40.355 logback DEBUG c.v.f.controller.FunctionController - 000008---基础模板测试
14:26:40.355 logback DEBUG c.v.f.controller.FunctionController - 000009---查询模板测试
14:26:44.409 logback DEBUG c.v.interceptor.AuthInterceptor - 执行preHandle方法-->01
14:26:44.409 logback DEBUG c.v.interceptor.AuthInterceptor - /search/search
14:26:44.410 logback DEBUG c.v.s.d.ConditionDao.selectByModelId - ==>  Preparing: select condition_id, model_id, order_value, conditionCode, conditionName, show_width, field_type_id, init_value, must_flag, ref_flag, ref_string, ref_id_str, ref_text_str, blank_flag from srh_condition where model_id = ? 
14:26:44.411 logback DEBUG c.v.s.d.ConditionDao.selectByModelId - ==> Parameters: 1(Integer)
14:26:44.413 logback DEBUG c.v.s.d.ConditionDao.selectByModelId - <==      Total: 0
14:26:44.414 logback DEBUG c.v.s.dao.FieldDao.selectByModelId - ==>  Preparing: select field_id, model_id, field_name, field_code, field_type_id, order_value, show_width, show_footer, footer_type_id, footer_str, align from srh_field where model_id = ? 
14:26:44.414 logback DEBUG c.v.s.dao.FieldDao.selectByModelId - ==> Parameters: 1(Integer)
14:26:44.416 logback DEBUG c.v.s.dao.FieldDao.selectByModelId - <==      Total: 3
14:44:00.433 logback INFO  c.v.Vanguard8FrameworkApplication - Starting Vanguard8FrameworkApplication on WIN-20170817QZC with PID 53964 (E:\vanguard8\framework\target\classes started by Administrator in E:\vanguard8)
14:44:00.439 logback DEBUG c.v.Vanguard8FrameworkApplication - Running with Spring Boot v2.0.6.RELEASE, Spring v5.0.10.RELEASE
14:44:00.443 logback INFO  c.v.Vanguard8FrameworkApplication - No active profile set, falling back to default profiles: default
14:44:07.412 logback INFO  c.v.interceptor.InterceptorConfig - 开始注册权限拦截器……
14:44:07.413 logback INFO  c.v.interceptor.InterceptorConfig - 权限拦截器注册完成！
14:44:07.547 logback INFO  c.v.interceptor.InterceptorConfig - 开放静态资源访问……
14:44:08.750 logback INFO  c.v.Vanguard8FrameworkApplication - Started Vanguard8FrameworkApplication in 8.889 seconds (JVM running for 11.66)
14:44:13.950 logback DEBUG c.v.interceptor.AuthInterceptor - 执行preHandle方法-->01
14:44:13.951 logback DEBUG c.v.interceptor.AuthInterceptor - /main/main
14:44:13.957 logback DEBUG c.v.interceptor.AuthInterceptor - 未找到对应的session值
14:44:13.957 logback DEBUG c.v.interceptor.AuthInterceptor - 普通登录页面跳转……
14:44:13.978 logback DEBUG c.v.f.controller.LoginController - login/index
14:44:14.275 logback DEBUG c.v.f.controller.LoginController - /login/code
14:44:23.685 logback DEBUG c.v.f.controller.LoginController - admin----111
14:44:23.810 logback DEBUG c.v.f.controller.LoginController - /login/code
14:44:28.283 logback DEBUG c.v.f.controller.LoginController - admin----111
14:44:28.313 logback DEBUG c.v.f.dao.UserDao.selectByLoginname - ==>  Preparing: select a.*,b.flag_name,c.ds_code,c.ds_name,c.ds_total_name,c.ds_flag,c.lock_flag from sys_user a inner join sys_user_flag b on a.flag_id=b.flag_id inner join sys_deptsta c on a.ds_id=c.ds_id where a.flag_id=1 and a.login_name = ? 
14:44:28.410 logback DEBUG c.v.f.dao.UserDao.selectByLoginname - ==> Parameters: admin(String)
14:44:28.430 logback DEBUG c.v.f.dao.UserDao.selectByLoginname - <==      Total: 1
14:44:28.470 logback DEBUG c.v.interceptor.AuthInterceptor - 执行preHandle方法-->01
14:44:28.471 logback DEBUG c.v.interceptor.AuthInterceptor - /main/main
14:44:28.788 logback DEBUG c.v.interceptor.AuthInterceptor - 执行preHandle方法-->01
14:44:28.788 logback DEBUG c.v.interceptor.AuthInterceptor - /function/getMenu
14:44:28.795 logback DEBUG c.v.f.d.FunctionDao.selectFunctions - ==>  Preparing: select a.func_id, a.func_code, a.func_name, a.func_path, a.is_last from sys_function a inner join sys_sta_function b on a.func_id=b.func_id where b.ds_id=? order by (case a.is_last when 0 then a.order_value else (select order_value from sys_function where substring(a.func_code,1,3)=func_code) end),a.func_code 
14:44:28.814 logback DEBUG c.v.f.d.FunctionDao.selectFunctions - ==> Parameters: 1(Integer)
14:44:28.823 logback DEBUG c.v.f.d.FunctionDao.selectFunctions - <==      Total: 10
14:44:28.824 logback DEBUG c.v.f.controller.FunctionController - 000---系统管理
14:44:28.825 logback DEBUG c.v.f.controller.FunctionController - 000001---个人密码修改
14:44:28.830 logback DEBUG c.v.f.controller.FunctionController - 000002---组织架构管理
14:44:28.830 logback DEBUG c.v.f.controller.FunctionController - 000003---登录账号管理
14:44:28.830 logback DEBUG c.v.f.controller.FunctionController - 000004---系统模块管理
14:44:28.830 logback DEBUG c.v.f.controller.FunctionController - 000005---运行信息监控
14:44:28.831 logback DEBUG c.v.f.controller.FunctionController - 000006---基础模板设定
14:44:28.831 logback DEBUG c.v.f.controller.FunctionController - 000007---查询模板设定
14:44:28.834 logback DEBUG c.v.f.controller.FunctionController - 000008---基础模板测试
14:44:28.834 logback DEBUG c.v.f.controller.FunctionController - 000009---查询模板测试
14:44:31.377 logback DEBUG c.v.interceptor.AuthInterceptor - 执行preHandle方法-->01
14:44:31.377 logback DEBUG c.v.interceptor.AuthInterceptor - /search/search
14:44:31.381 logback DEBUG c.v.s.d.ConditionDao.selectByModelId - ==>  Preparing: select condition_id, model_id, order_value, conditionCode, conditionName, show_width, field_type_id, init_value, must_flag, ref_flag, ref_string, ref_id_str, ref_text_str, blank_flag from srh_condition where model_id = ? 
14:44:31.382 logback DEBUG c.v.s.d.ConditionDao.selectByModelId - ==> Parameters: 1(Integer)
14:44:31.385 logback DEBUG c.v.s.d.ConditionDao.selectByModelId - <==      Total: 0
14:44:31.386 logback DEBUG c.v.s.dao.FieldDao.selectByModelId - ==>  Preparing: select field_id, model_id, field_name, field_code, field_type_id, order_value, show_width, show_footer, footer_type_id, footer_str, align from srh_field where model_id = ? 
14:44:31.387 logback DEBUG c.v.s.dao.FieldDao.selectByModelId - ==> Parameters: 1(Integer)
14:44:31.392 logback DEBUG c.v.s.dao.FieldDao.selectByModelId - <==      Total: 3
14:51:12.855 logback INFO  c.v.Vanguard8FrameworkApplication - Starting Vanguard8FrameworkApplication on WIN-20170817QZC with PID 53000 (E:\vanguard8\framework\target\classes started by Administrator in E:\vanguard8)
14:51:12.860 logback DEBUG c.v.Vanguard8FrameworkApplication - Running with Spring Boot v2.0.6.RELEASE, Spring v5.0.10.RELEASE
14:51:12.864 logback INFO  c.v.Vanguard8FrameworkApplication - No active profile set, falling back to default profiles: default
14:51:19.274 logback INFO  c.v.interceptor.InterceptorConfig - 开始注册权限拦截器……
14:51:19.275 logback INFO  c.v.interceptor.InterceptorConfig - 权限拦截器注册完成！
14:51:19.395 logback INFO  c.v.interceptor.InterceptorConfig - 开放静态资源访问……
14:51:20.507 logback INFO  c.v.Vanguard8FrameworkApplication - Started Vanguard8FrameworkApplication in 8.224 seconds (JVM running for 10.365)
14:54:06.819 logback DEBUG c.v.interceptor.AuthInterceptor - 执行preHandle方法-->01
14:54:06.820 logback DEBUG c.v.interceptor.AuthInterceptor - /main/main
14:54:06.825 logback DEBUG c.v.interceptor.AuthInterceptor - 未找到对应的session值
14:54:06.825 logback DEBUG c.v.interceptor.AuthInterceptor - 普通登录页面跳转……
14:54:06.850 logback DEBUG c.v.f.controller.LoginController - login/index
14:54:07.464 logback DEBUG c.v.f.controller.LoginController - /login/code
14:54:14.071 logback DEBUG c.v.f.controller.LoginController - admin----111
14:54:14.122 logback DEBUG c.v.f.dao.UserDao.selectByLoginname - ==>  Preparing: select a.*,b.flag_name,c.ds_code,c.ds_name,c.ds_total_name,c.ds_flag,c.lock_flag from sys_user a inner join sys_user_flag b on a.flag_id=b.flag_id inner join sys_deptsta c on a.ds_id=c.ds_id where a.flag_id=1 and a.login_name = ? 
14:54:14.235 logback DEBUG c.v.f.dao.UserDao.selectByLoginname - ==> Parameters: admin(String)
14:54:14.256 logback DEBUG c.v.f.dao.UserDao.selectByLoginname - <==      Total: 1
14:54:14.348 logback DEBUG c.v.interceptor.AuthInterceptor - 执行preHandle方法-->01
14:54:14.348 logback DEBUG c.v.interceptor.AuthInterceptor - /main/main
14:54:14.916 logback DEBUG c.v.interceptor.AuthInterceptor - 执行preHandle方法-->01
14:54:14.917 logback DEBUG c.v.interceptor.AuthInterceptor - /function/getMenu
14:54:14.922 logback DEBUG c.v.f.d.FunctionDao.selectFunctions - ==>  Preparing: select a.func_id, a.func_code, a.func_name, a.func_path, a.is_last from sys_function a inner join sys_sta_function b on a.func_id=b.func_id where b.ds_id=? order by (case a.is_last when 0 then a.order_value else (select order_value from sys_function where substring(a.func_code,1,3)=func_code) end),a.func_code 
14:54:14.939 logback DEBUG c.v.f.d.FunctionDao.selectFunctions - ==> Parameters: 1(Integer)
14:54:14.947 logback DEBUG c.v.f.d.FunctionDao.selectFunctions - <==      Total: 10
14:54:14.948 logback DEBUG c.v.f.controller.FunctionController - 000---系统管理
14:54:14.949 logback DEBUG c.v.f.controller.FunctionController - 000001---个人密码修改
14:54:14.949 logback DEBUG c.v.f.controller.FunctionController - 000002---组织架构管理
14:54:14.949 logback DEBUG c.v.f.controller.FunctionController - 000003---登录账号管理
14:54:14.949 logback DEBUG c.v.f.controller.FunctionController - 000004---系统模块管理
14:54:14.949 logback DEBUG c.v.f.controller.FunctionController - 000005---运行信息监控
14:54:14.949 logback DEBUG c.v.f.controller.FunctionController - 000006---基础模板设定
14:54:14.949 logback DEBUG c.v.f.controller.FunctionController - 000007---查询模板设定
14:54:14.949 logback DEBUG c.v.f.controller.FunctionController - 000008---基础模板测试
14:54:14.949 logback DEBUG c.v.f.controller.FunctionController - 000009---查询模板测试
14:54:22.106 logback DEBUG c.v.interceptor.AuthInterceptor - 执行preHandle方法-->01
14:54:22.107 logback DEBUG c.v.interceptor.AuthInterceptor - /search/search
14:54:22.110 logback DEBUG c.v.s.d.ConditionDao.selectByModelId - ==>  Preparing: select condition_id, model_id, order_value, conditionCode, conditionName, show_width, field_type_id, init_value, must_flag, ref_flag, ref_string, ref_id_str, ref_text_str, blank_flag from srh_condition where model_id = ? 
14:54:22.111 logback DEBUG c.v.s.d.ConditionDao.selectByModelId - ==> Parameters: 1(Integer)
14:54:22.113 logback DEBUG c.v.s.d.ConditionDao.selectByModelId - <==      Total: 0
14:54:22.115 logback DEBUG c.v.s.dao.FieldDao.selectByModelId - ==>  Preparing: select field_id, model_id, field_name, field_code, field_type_id, order_value, show_width, show_footer, footer_type_id, footer_str, align from srh_field where model_id = ? 
14:54:22.116 logback DEBUG c.v.s.dao.FieldDao.selectByModelId - ==> Parameters: 1(Integer)
14:54:22.121 logback DEBUG c.v.s.dao.FieldDao.selectByModelId - <==      Total: 3
14:55:15.493 logback DEBUG c.v.interceptor.AuthInterceptor - 执行preHandle方法-->01
14:55:15.493 logback DEBUG c.v.interceptor.AuthInterceptor - /search/search
14:55:15.494 logback DEBUG c.v.s.d.ConditionDao.selectByModelId - ==>  Preparing: select condition_id, model_id, order_value, conditionCode, conditionName, show_width, field_type_id, init_value, must_flag, ref_flag, ref_string, ref_id_str, ref_text_str, blank_flag from srh_condition where model_id = ? 
14:55:15.494 logback DEBUG c.v.s.d.ConditionDao.selectByModelId - ==> Parameters: 1(Integer)
14:55:15.495 logback DEBUG c.v.s.d.ConditionDao.selectByModelId - <==      Total: 0
14:55:15.496 logback DEBUG c.v.s.dao.FieldDao.selectByModelId - ==>  Preparing: select field_id, model_id, field_name, field_code, field_type_id, order_value, show_width, show_footer, footer_type_id, footer_str, align from srh_field where model_id = ? 
14:55:15.496 logback DEBUG c.v.s.dao.FieldDao.selectByModelId - ==> Parameters: 1(Integer)
14:55:15.498 logback DEBUG c.v.s.dao.FieldDao.selectByModelId - <==      Total: 3
15:06:10.810 logback DEBUG c.v.interceptor.AuthInterceptor - 执行preHandle方法-->01
15:06:10.810 logback DEBUG c.v.interceptor.AuthInterceptor - /search/search
15:06:10.813 logback DEBUG c.v.s.d.ConditionDao.selectByModelId - ==>  Preparing: select condition_id, model_id, order_value, conditionCode, conditionName, show_width, field_type_id, init_value, must_flag, ref_flag, ref_string, ref_id_str, ref_text_str, blank_flag from srh_condition where model_id = ? 
15:06:10.813 logback DEBUG c.v.s.d.ConditionDao.selectByModelId - ==> Parameters: 1(Integer)
15:06:10.816 logback DEBUG c.v.s.d.ConditionDao.selectByModelId - <==      Total: 0
15:06:10.817 logback DEBUG c.v.s.dao.FieldDao.selectByModelId - ==>  Preparing: select field_id, model_id, field_name, field_code, field_type_id, order_value, show_width, show_footer, footer_type_id, footer_str, align from srh_field where model_id = ? 
15:06:10.817 logback DEBUG c.v.s.dao.FieldDao.selectByModelId - ==> Parameters: 1(Integer)
15:06:10.820 logback DEBUG c.v.s.dao.FieldDao.selectByModelId - <==      Total: 3
